<?xml version="1.0" encoding="utf-8"?><testsuites name="pytest tests"><testsuite name="pytest" errors="0" failures="0" skipped="0" tests="25" time="3.570" timestamp="2026-08-13T11:56:10.614701+00:00" hostname="agent-env-28793385-046b-4594-aed0-41777ec488b7"><testcase classname="backend.tests.test_competitor_endpoints.TestProductsListing" name="test_list_products_default" time="0.643" /><testcase classname="backend.tests.test_competitor_endpoints.TestProductsListing" name="test_search_filter" time="0.116" /><testcase classname="backend.tests.test_competitor_endpoints.TestProductsListing" name="test_category_filter" time="0.199" /><testcase classname="backend.tests.test_competitor_endpoints.TestProductsListing" name="test_brand_filter" time="0.188" /><testcase classname="backend.tests.test_competitor_endpoints.TestProductsListing" name="test_match_status_matched" time="0.085" /><testcase classname="backend.tests.test_competitor_endpoints.TestProductsListing" name="test_match_status_unmatched" time="0.101" /><testcase classname="backend.tests.test_competitor_endpoints.TestProductsListing" name="test_pagination" time="0.287" /><testcase classname="backend.tests.test_competitor_endpoints.TestPriceSettings" name="test_update_price_settings" time="0.151" /><testcase classname="backend.tests.test_competitor_endpoints.TestCategoryRules" name="test_list_rules_initial" time="0.065" /><testcase classname="backend.tests.test_competitor_endpoints.TestCategoryRules" name="test_create_rule_and_verify_persistence" time="0.136" /><testcase classname="backend.tests.test_competitor_endpoints.TestCategoryRules" name="test_delete_rule" time="0.138" /><testcase classname="backend.tests.test_competitor_endpoints.TestDashboard" name="test_dashboard_stats" time="0.072" /><testcase classname="backend.tests.test_competitor_endpoints.TestScan" name="test_scan_status" time="0.066" /><testcase classname="backend.tests.test_competitor_endpoints.TestScan" name="test_scan_all_starts" time="0.129" /><testcase classname="backend.tests.test_competitor_endpoints.TestPriceChanges" name="test_list_price_changes" time="0.069" /><testcase classname="backend.tests.test_competitor_endpoints.TestApplyPrice" name="test_apply_price_missing_ikas_id" time="0.156" /><testcase classname="backend.tests.test_competitor_endpoints.TestApplyPrice" name="test_apply_price_invalid_slug" time="0.064" /><testcase classname="backend.tests.test_competitor_endpoints.TestPriceChangesFull" name="test_price_changes_full_default" time="0.065" /><testcase classname="backend.tests.test_competitor_endpoints.TestPriceChangesFull" name="test_price_changes_full_pagination" time="0.068" /><testcase classname="backend.tests.test_competitor_endpoints.TestPriceChangesFull" name="test_price_changes_full_status_filter" time="0.144" /><testcase classname="backend.tests.test_competitor_endpoints.TestPriceChangesFull" name="test_price_changes_full_search" time="0.064" /><testcase classname="backend.tests.test_competitor_endpoints.TestAutoMatch" name="test_auto_match_returns_immediately_with_task_key" time="0.217" /><testcase classname="backend.tests.test_competitor_endpoints.TestAutoMatch" name="test_auto_match_status_unknown_task" time="0.065" /><testcase classname="backend.tests.test_competitor_endpoints.TestProductsPriority" name="test_matched_products_appear_first" time="0.093" /><testcase classname="backend.tests.test_competitor_endpoints.TestProductsPriority" name="test_en_ucuz_rakip_data_from_akakce" time="0.085" /></testsuite></testsuites>