<?xml version="1.0" encoding="utf-8"?><testsuites name="pytest tests"><testsuite name="pytest" errors="0" failures="0" skipped="0" tests="35" time="5.008" timestamp="2026-08-14T11:33:20.681414+00:00" hostname="agent-env-28793385-046b-4594-aed0-41777ec488b7"><testcase classname="test_competitor_endpoints.TestProductsListing" name="test_list_products_default" time="0.502" /><testcase classname="test_competitor_endpoints.TestProductsListing" name="test_search_filter" time="0.099" /><testcase classname="test_competitor_endpoints.TestProductsListing" name="test_category_filter" time="0.208" /><testcase classname="test_competitor_endpoints.TestProductsListing" name="test_brand_filter" time="0.184" /><testcase classname="test_competitor_endpoints.TestProductsListing" name="test_match_status_matched" time="0.095" /><testcase classname="test_competitor_endpoints.TestProductsListing" name="test_match_status_unmatched" time="0.093" /><testcase classname="test_competitor_endpoints.TestProductsListing" name="test_pagination" time="0.188" /><testcase classname="test_competitor_endpoints.TestPriceSettings" name="test_update_price_settings" time="0.156" /><testcase classname="test_competitor_endpoints.TestCategoryRules" name="test_list_rules_initial" time="0.068" /><testcase classname="test_competitor_endpoints.TestCategoryRules" name="test_create_rule_and_verify_persistence" time="0.140" /><testcase classname="test_competitor_endpoints.TestCategoryRules" name="test_delete_rule" time="0.145" /><testcase classname="test_competitor_endpoints.TestDashboard" name="test_dashboard_stats" time="0.079" /><testcase classname="test_competitor_endpoints.TestScan" name="test_scan_status" time="0.071" /><testcase classname="test_competitor_endpoints.TestScan" name="test_scan_all_starts" time="0.136" /><testcase classname="test_competitor_endpoints.TestPriceChanges" name="test_list_price_changes" time="0.070" /><testcase classname="test_competitor_endpoints.TestApplyPrice" name="test_apply_price_missing_ikas_id" time="0.162" /><testcase classname="test_competitor_endpoints.TestApplyPrice" name="test_apply_price_invalid_slug" time="0.070" /><testcase classname="test_competitor_endpoints.TestPriceChangesFull" name="test_price_changes_full_default" time="0.070" /><testcase classname="test_competitor_endpoints.TestPriceChangesFull" name="test_price_changes_full_pagination" time="0.073" /><testcase classname="test_competitor_endpoints.TestPriceChangesFull" name="test_price_changes_full_status_filter" time="0.134" /><testcase classname="test_competitor_endpoints.TestPriceChangesFull" name="test_price_changes_full_search" time="0.067" /><testcase classname="test_competitor_endpoints.TestAutoMatch" name="test_auto_match_returns_immediately_with_task_key" time="0.226" /><testcase classname="test_competitor_endpoints.TestAutoMatch" name="test_auto_match_status_unknown_task" time="0.069" /><testcase classname="test_competitor_endpoints.TestProductsPriority" name="test_matched_products_appear_first" time="0.100" /><testcase classname="test_competitor_endpoints.TestProductsPriority" name="test_en_ucuz_rakip_data_from_akakce_placeholder" time="0.179" /><testcase classname="test_competitor_endpoints.TestCheckPrice" name="test_check_price_no_matches_returns_404" time="0.213" /><testcase classname="test_competitor_endpoints.TestCheckPrice" name="test_check_price_matched_returns_task_key" time="0.225" /><testcase classname="test_competitor_endpoints.TestCheckPrice" name="test_check_price_status_unknown_task" time="0.068" /><testcase classname="test_competitor_endpoints.TestAutoMatchCategory" name="test_auto_match_category_not_found" time="0.071" /><testcase classname="test_competitor_endpoints.TestAutoMatchCategory" name="test_auto_match_category_returns_task_key_and_progress_fields" time="0.308" /><testcase classname="test_competitor_endpoints.TestAutoMatchCategory" name="test_match_status_unknown_task" time="0.067" /><testcase classname="test_competitor_endpoints.TestCategoryRulesAutoUpdate" name="test_create_rule_with_auto_update_ikas_true" time="0.135" /><testcase classname="test_competitor_endpoints.TestCategoryRulesAutoUpdate" name="test_update_rule_toggle_auto_update_ikas_false" time="0.147" /><testcase classname="test_competitor_endpoints.TestCategoryRulesAutoUpdate" name="test_cleanup_auto_update_rule" time="0.067" /><testcase classname="test_competitor_endpoints.TestApplyPriceFloorCheck" name="test_apply_price_rejects_without_floor_and_purchase" time="0.243" /></testsuite></testsuites>