<?xml version="1.0" encoding="utf-8"?><testsuites name="pytest tests"><testsuite name="pytest" errors="0" failures="0" skipped="0" tests="15" time="1.988" timestamp="2026-08-13T11:07:33.785299+00:00" hostname="agent-env-28793385-046b-4594-aed0-41777ec488b7"><testcase classname="backend.tests.test_competitor_endpoints.TestProductsListing" name="test_list_products_default" time="0.572" /><testcase classname="backend.tests.test_competitor_endpoints.TestProductsListing" name="test_search_filter" time="0.091" /><testcase classname="backend.tests.test_competitor_endpoints.TestProductsListing" name="test_category_filter" time="0.148" /><testcase classname="backend.tests.test_competitor_endpoints.TestProductsListing" name="test_brand_filter" time="0.134" /><testcase classname="backend.tests.test_competitor_endpoints.TestProductsListing" name="test_match_status_matched" time="0.064" /><testcase classname="backend.tests.test_competitor_endpoints.TestProductsListing" name="test_match_status_unmatched" time="0.072" /><testcase classname="backend.tests.test_competitor_endpoints.TestProductsListing" name="test_pagination" time="0.132" /><testcase classname="backend.tests.test_competitor_endpoints.TestPriceSettings" name="test_update_price_settings" time="0.125" /><testcase classname="backend.tests.test_competitor_endpoints.TestCategoryRules" name="test_list_rules_initial" time="0.049" /><testcase classname="backend.tests.test_competitor_endpoints.TestCategoryRules" name="test_create_rule_and_verify_persistence" time="0.100" /><testcase classname="backend.tests.test_competitor_endpoints.TestCategoryRules" name="test_delete_rule" time="0.104" /><testcase classname="backend.tests.test_competitor_endpoints.TestDashboard" name="test_dashboard_stats" time="0.061" /><testcase classname="backend.tests.test_competitor_endpoints.TestScan" name="test_scan_status" time="0.052" /><testcase classname="backend.tests.test_competitor_endpoints.TestScan" name="test_scan_all_starts" time="0.141" /><testcase classname="backend.tests.test_competitor_endpoints.TestPriceChanges" name="test_list_price_changes" time="0.051" /></testsuite></testsuites>