<?xml version="1.0" encoding="utf-8"?><testsuites name="pytest tests"><testsuite name="pytest" errors="0" failures="0" skipped="0" tests="10" time="2.992" timestamp="2026-08-21T21:42:39.635191+00:00" hostname="agent-env-28793385-046b-4594-aed0-41777ec488b7"><testcase classname="backend.tests.test_iteration15_filters.TestProductsFilters" name="test_list_all_products" time="0.868" /><testcase classname="backend.tests.test_iteration15_filters.TestProductsFilters" name="test_category_filter_tavalar" time="0.196" /><testcase classname="backend.tests.test_iteration15_filters.TestProductsFilters" name="test_category_and_search" time="0.172" /><testcase classname="backend.tests.test_iteration15_filters.TestProductsFilters" name="test_brand_filter" time="0.171" /><testcase classname="backend.tests.test_iteration15_filters.TestProductsFilters" name="test_match_status_matched" time="0.319" /><testcase classname="backend.tests.test_iteration15_filters.TestProductsFilters" name="test_match_status_unmatched" time="0.180" /><testcase classname="backend.tests.test_iteration15_filters.TestPricingRules" name="test_list_rules" time="0.146" /><testcase classname="backend.tests.test_iteration15_filters.TestPricingRules" name="test_create_and_delete_rule" time="0.542" /><testcase classname="backend.tests.test_iteration15_filters.TestScanAll" name="test_scan_all_returns_meaningful" time="0.169" /><testcase classname="backend.tests.test_iteration15_filters.TestDashboard" name="test_dashboard_stats" time="0.160" /></testsuite></testsuites>