<?xml version="1.0" encoding="utf-8"?><testsuites name="pytest tests"><testsuite name="pytest" errors="0" failures="0" skipped="0" tests="16" time="3.628" timestamp="2026-08-14T12:37:51.411020+00:00" hostname="agent-env-28793385-046b-4594-aed0-41777ec488b7"><testcase classname="backend.tests.test_iteration14_refactor.TestExchangeRates" name="test_exchange_rates_returns_eur_usd" time="1.446" /><testcase classname="backend.tests.test_iteration14_refactor.TestProductsBaseCurrency" name="test_products_list_ok" time="0.134" /><testcase classname="backend.tests.test_iteration14_refactor.TestProductsBaseCurrency" name="test_no_purchase_price_field_in_response" time="0.148" /><testcase classname="backend.tests.test_iteration14_refactor.TestProductsBaseCurrency" name="test_products_may_have_base_currency" time="0.157" /><testcase classname="backend.tests.test_iteration14_refactor.TestPriceSettings" name="test_save_floor_price" time="0.176" /><testcase classname="backend.tests.test_iteration14_refactor.TestPriceSettings" name="test_floor_price_persists" time="0.296" /><testcase classname="backend.tests.test_iteration14_refactor.TestPriceSettings" name="test_price_settings_rejects_purchase_price" time="0.192" /><testcase classname="backend.tests.test_iteration14_refactor.TestCategoryRules" name="test_create_rule_without_profit_margin" time="0.117" /><testcase classname="backend.tests.test_iteration14_refactor.TestCategoryRules" name="test_rule_persisted_without_profit_margin" time="0.080" /><testcase classname="backend.tests.test_iteration14_refactor.TestCategoryRules" name="test_cleanup_rule" time="0.086" /><testcase classname="backend.tests.test_iteration14_refactor.TestIkasPriceInfo" name="test_ikas_price_endpoint_reachable" time="0.514" /><testcase classname="backend.tests.test_iteration14_refactor.TestDashboard" name="test_dashboard_returns_stats" time="0.091" /><testcase classname="backend.tests.test_iteration14_refactor.TestNoPurchasePriceInCode" name="test_backend_source_no_purchase_price" time="0.003" /><testcase classname="backend.tests.test_iteration14_refactor.TestNoPurchasePriceInCode" name="test_backend_source_no_profit_margin" time="0.003" /><testcase classname="backend.tests.test_iteration14_refactor.TestNoPurchasePriceInCode" name="test_frontend_pages_no_alis_fiyati" time="0.003" /><testcase classname="backend.tests.test_iteration14_refactor.TestPriceChangesFields" name="test_price_changes_endpoint" time="0.089" /></testsuite></testsuites>