<?xml version="1.0" encoding="utf-8"?><testsuites name="pytest tests"><testsuite name="pytest" errors="0" failures="0" skipped="0" tests="10" time="1.779" timestamp="2026-09-09T00:59:45.252044+00:00" hostname="agent-env-28793385-046b-4594-aed0-41777ec488b7"><testcase classname="tests.test_iteration16_kariyermutfak.TestAuth" name="test_login_returns_jwt" time="0.575" /><testcase classname="tests.test_iteration16_kariyermutfak.TestAuth" name="test_me" time="0.127" /><testcase classname="tests.test_iteration16_kariyermutfak.TestReviewEndpoints" name="test_category_rules" time="0.143" /><testcase classname="tests.test_iteration16_kariyermutfak.TestReviewEndpoints" name="test_products_list" time="0.571" /><testcase classname="tests.test_iteration16_kariyermutfak.TestReviewEndpoints" name="test_dashboard_stats" time="0.225" /><testcase classname="tests.test_iteration16_kariyermutfak.TestKariyerMutfakConfig" name="test_competitor_dict_entry" time="0.062" /><testcase classname="tests.test_iteration16_kariyermutfak.TestKariyerMutfakConfig" name="test_scrape_uses_ultra_premium" time="0.003" /><testcase classname="tests.test_iteration16_kariyermutfak.TestKariyerMutfakConfig" name="test_price_selectors_present" time="0.002" /><testcase classname="tests.test_iteration16_kariyermutfak.TestKariyerMutfakConfig" name="test_search_skips_ultra_premium_sites" time="0.001" /><testcase classname="tests.test_iteration16_kariyermutfak.TestScheduler" name="test_server_configures_istanbul_tz" time="0.002" /></testsuite></testsuites>