<?xml version="1.0" encoding="utf-8"?><testsuites name="pytest tests"><testsuite name="pytest" errors="0" failures="1" skipped="0" tests="6" time="36.091" timestamp="2026-08-04T13:30:48.805912+00:00" hostname="agent-env-28793385-046b-4594-aed0-41777ec488b7"><testcase classname="backend.tests.test_marketing_endpoints.TestConnection" name="test_test_connection" time="3.043" /><testcase classname="backend.tests.test_marketing_endpoints.TestDashboard" name="test_dashboard_default" time="1.832" /><testcase classname="backend.tests.test_marketing_endpoints.TestDashboard" name="test_dashboard_date_range" time="3.588" /><testcase classname="backend.tests.test_marketing_endpoints.TestAIAnalyze" name="test_ai_analyze_genel" time="27.219" /><testcase classname="backend.tests.test_marketing_endpoints.TestAIAnalyze" name="test_analyses_list" time="0.193"><failure message="AssertionError: MongoDB _id should not be exposed&#10;assert '_id' not in {'_id': '6a71e9ac496a054b13f5b1a3', 'analysis': '## #x1F3AF GENEL PERFORMANS DEĞERLENDİRMESİ\nGenel olarak, Google Ads kampanyaları ve organik arama sonuçlarından iyi düzeyde trafik alınıyor ve toplam e-ticaret satışları 233 ve gelir 7,431,007.83 TL ile oldukça yüksek. Ancak bazı kampanyaların ve anahtar kelimelerin düşük dönüşüm ve satış verimi dikkat çekiyor. \n\n## #x1F6A8 KRİTİK SORUNLAR VE HATALAR\n- **Sorun**: KY | Soğuk İçecek - Portakal kampanyasında dönüşüm gerçekleşmiyor.\n  - **Etki**: Bütçenin verimsiz kullanılması ve potansiyel müşterilerin kaybedilmesi.\n  - **Çözüm**: Kampanya performansını artırmak için düşük performanslı anahtar kelimeler gözden geçirilmeli veya kampanya geçici olarak askıya alınmalıdır.\n\n- **Sorun**: KY | Dondurma Makinesi kampanyasında herhangi bir dönüşüm yok.\n  - **Etki**: Yatırımın geri dönüşü sağlanamıyor, bu da bütçe israfına neden oluyor.\n  - **Çözüm**: Kampanyayı duraklatmayı veya yeniden optimize etmeyi düşünün.\n\n## #x1F4A1 OPTİMİZASYON ÖNERİLERİ\n1. **Öneri**: KY | Soğuk İçecek - Portakal kampanyasında düşük dönüşüm sağlayan anahtar kelimeleri kaldır.\n   - **Beklenen Etki**: Daha etkin bütçe kullanımı ve potansiyel maliyet tasarrufu.\n   - **Zorl... ve öztiryakiler kelimeleri üst sırada yer alırken, tıklama oranları da yüksek. \n- &quot;profesyonel kahve makinesi&quot; gibi sorgular iyi sıralamada ancak CTR\'leri düşük.\n- Sıralama fırsatları: &quot;hoshizaki buz makinesi&quot; ve &quot;indüksiyonlu ocak&quot; sorguları.\n\n## #x1F4C8 TRAFİK ANALİZİ\n- Google CPC en fazla oturum ve kullanıcıyı sağlamış.\n- Dönüşüm oranları, google CPC\'den elde edilen 100 satış ile en yüksek düzeyde.\n- Hemen çıkma oranı %4.5, bu oldukça düşük ve iyi kullanıcı etkileşimini gösteriyor.\n- Ortalama oturum süresi 151.6 saniye, bu kullanıcıların içerikle etkileşimde olduğunu gösteriyor.\n\n## #x1F3AC HEMEN YAPILACAKLAR\n1. KY | Soğuk İçecek - Portakal kampanyasında düşük performanslı kelimeleri kaldırarak kampanyayı yeniden yapılandır.\n2. KY | Dondurma Makinesi kampanyasını durdur ya da yeniden optimize et.\n3. Kamil | Marka/Rakip kampanyasında yüksek performanslı anahtar kelimeler için teklif artırma yap.\n4. SEO iyileştirmelerine odaklanarak düşük CTR\'li sorguların meta açıklamalarını güncelle ve daha çekici hale getir.\n5. Bütçe dağılımını verimli kampanyalar ve anahtar kelimelere yeniden yönlendir.', 'created_at': '2026-08-04T13:31:24.495608+00:00', 'created_by': 'arigastro', ...}">backend/tests/test_marketing_endpoints.py:111: in test_analyses_list
    assert "_id" not in first, "MongoDB _id should not be exposed"
E   AssertionError: MongoDB _id should not be exposed
E   assert '_id' not in {'_id': '6a71e9ac496a054b13f5b1a3', 'analysis': '## #x1F3AF GENEL PERFORMANS DEĞERLENDİRMESİ\nGenel olarak, Google Ads kampanyaları ve organik arama sonuçlarından iyi düzeyde trafik alınıyor ve toplam e-ticaret satışları 233 ve gelir 7,431,007.83 TL ile oldukça yüksek. Ancak bazı kampanyaların ve anahtar kelimelerin düşük dönüşüm ve satış verimi dikkat çekiyor. \n\n## #x1F6A8 KRİTİK SORUNLAR VE HATALAR\n- **Sorun**: KY | Soğuk İçecek - Portakal kampanyasında dönüşüm gerçekleşmiyor.\n  - **Etki**: Bütçenin verimsiz kullanılması ve potansiyel müşterilerin kaybedilmesi.\n  - **Çözüm**: Kampanya performansını artırmak için düşük performanslı anahtar kelimeler gözden geçirilmeli veya kampanya geçici olarak askıya alınmalıdır.\n\n- **Sorun**: KY | Dondurma Makinesi kampanyasında herhangi bir dönüşüm yok.\n  - **Etki**: Yatırımın geri dönüşü sağlanamıyor, bu da bütçe israfına neden oluyor.\n  - **Çözüm**: Kampanyayı duraklatmayı veya yeniden optimize etmeyi düşünün.\n\n## #x1F4A1 OPTİMİZASYON ÖNERİLERİ\n1. **Öneri**: KY | Soğuk İçecek - Portakal kampanyasında düşük dönüşüm sağlayan anahtar kelimeleri kaldır.\n   - **Beklenen Etki**: Daha etkin bütçe kullanımı ve potansiyel maliyet tasarrufu.\n   - **Zorl... ve öztiryakiler kelimeleri üst sırada yer alırken, tıklama oranları da yüksek. \n- "profesyonel kahve makinesi" gibi sorgular iyi sıralamada ancak CTR\'leri düşük.\n- Sıralama fırsatları: "hoshizaki buz makinesi" ve "indüksiyonlu ocak" sorguları.\n\n## #x1F4C8 TRAFİK ANALİZİ\n- Google CPC en fazla oturum ve kullanıcıyı sağlamış.\n- Dönüşüm oranları, google CPC\'den elde edilen 100 satış ile en yüksek düzeyde.\n- Hemen çıkma oranı %4.5, bu oldukça düşük ve iyi kullanıcı etkileşimini gösteriyor.\n- Ortalama oturum süresi 151.6 saniye, bu kullanıcıların içerikle etkileşimde olduğunu gösteriyor.\n\n## #x1F3AC HEMEN YAPILACAKLAR\n1. KY | Soğuk İçecek - Portakal kampanyasında düşük performanslı kelimeleri kaldırarak kampanyayı yeniden yapılandır.\n2. KY | Dondurma Makinesi kampanyasını durdur ya da yeniden optimize et.\n3. Kamil | Marka/Rakip kampanyasında yüksek performanslı anahtar kelimeler için teklif artırma yap.\n4. SEO iyileştirmelerine odaklanarak düşük CTR\'li sorguların meta açıklamalarını güncelle ve daha çekici hale getir.\n5. Bütçe dağılımını verimli kampanyalar ve anahtar kelimelere yeniden yönlendir.', 'created_at': '2026-08-04T13:31:24.495608+00:00', 'created_by': 'arigastro', ...}</failure></testcase><testcase classname="backend.tests.test_marketing_endpoints.TestActionsLog" name="test_actions_log" time="0.140" /></testsuite></testsuites>