<?xml version="1.0" encoding="utf-8"?><testsuites name="pytest tests"><testsuite name="pytest" errors="0" failures="0" skipped="0" tests="14" time="9.155" timestamp="2026-04-15T19:51:02.179748+00:00" hostname="agent-env-28793385-046b-4594-aed0-41777ec488b7"><testcase classname="backend.tests.test_iteration6_features.TestScraperAPICredits" name="test_scraperapi_account_returns_configured_true" time="0.696" /><testcase classname="backend.tests.test_iteration6_features.TestScraperAPICredits" name="test_scraperapi_account_returns_request_count" time="0.638" /><testcase classname="backend.tests.test_iteration6_features.TestScraperAPICredits" name="test_scraperapi_account_returns_request_limit" time="0.632" /><testcase classname="backend.tests.test_iteration6_features.TestUserManagement" name="test_get_users_returns_list" time="0.573" /><testcase classname="backend.tests.test_iteration6_features.TestUserManagement" name="test_get_users_excludes_password_hash" time="0.455" /><testcase classname="backend.tests.test_iteration6_features.TestUserManagement" name="test_create_user_success" time="0.986" /><testcase classname="backend.tests.test_iteration6_features.TestUserManagement" name="test_create_user_short_password_fails" time="0.517" /><testcase classname="backend.tests.test_iteration6_features.TestUserManagement" name="test_create_user_duplicate_fails" time="0.439" /><testcase classname="backend.tests.test_iteration6_features.TestUserManagement" name="test_change_password_success" time="1.173" /><testcase classname="backend.tests.test_iteration6_features.TestUserManagement" name="test_change_password_short_fails" time="0.528" /><testcase classname="backend.tests.test_iteration6_features.TestUserManagement" name="test_delete_user_success" time="0.950" /><testcase classname="backend.tests.test_iteration6_features.TestUserManagement" name="test_delete_self_fails" time="0.539" /><testcase classname="backend.tests.test_iteration6_features.TestUserManagement" name="test_delete_nonexistent_user_fails" time="0.456" /><testcase classname="backend.tests.test_iteration6_features.TestDashboardStats" name="test_dashboard_stats_returns_expected_fields" time="0.474" /></testsuite></testsuites>