<?xml version="1.0" encoding="utf-8"?><testsuites name="pytest tests"><testsuite name="pytest" errors="0" failures="0" skipped="0" tests="15" time="4.284" timestamp="2026-04-15T20:04:04.634479+00:00" hostname="agent-env-28793385-046b-4594-aed0-41777ec488b7"><testcase classname="backend.tests.test_iteration7_features.TestCategoryFilter" name="test_price_tracking_returns_tracked_categories_list" time="0.597" /><testcase classname="backend.tests.test_iteration7_features.TestCategoryFilter" name="test_category_filter_600_seri" time="0.127" /><testcase classname="backend.tests.test_iteration7_features.TestCategoryFilter" name="test_category_filter_900_seri" time="0.139" /><testcase classname="backend.tests.test_iteration7_features.TestCategoryFilter" name="test_all_categories_returns_more_products" time="0.418" /><testcase classname="backend.tests.test_iteration7_features.TestExcludeTracking" name="test_exclude_tracking_toggle_excludes_product" time="0.519" /><testcase classname="backend.tests.test_iteration7_features.TestExcludeTracking" name="test_excluded_product_appears_in_excluded_filter" time="0.562" /><testcase classname="backend.tests.test_iteration7_features.TestExcludeTracking" name="test_excluded_product_not_in_normal_list" time="0.614" /><testcase classname="backend.tests.test_iteration7_features.TestExcludeTracking" name="test_re_include_product_toggle" time="0.534" /><testcase classname="backend.tests.test_iteration7_features.TestExcludeTracking" name="test_exclude_tracking_404_for_invalid_slug" time="0.145" /><testcase classname="backend.tests.test_iteration7_features.TestExistingFilters" name="test_filter_matched" time="0.142" /><testcase classname="backend.tests.test_iteration7_features.TestExistingFilters" name="test_filter_unmatched" time="0.130" /><testcase classname="backend.tests.test_iteration7_features.TestExistingFilters" name="test_filter_cheaper" time="0.149" /><testcase classname="backend.tests.test_iteration7_features.TestExistingFilters" name="test_filter_expensive" time="0.114" /><testcase classname="backend.tests.test_iteration7_features.TestFreeFirstScrapingStrategy" name="test_akakce_request_function_exists" time="0.000" /><testcase classname="backend.tests.test_iteration7_features.TestFreeFirstScrapingStrategy" name="test_google_search_free_first" time="0.000" /></testsuite></testsuites>