<?xml version="1.0" encoding="utf-8"?><testsuites name="pytest tests"><testsuite name="pytest" errors="0" failures="0" skipped="0" tests="8" time="3.389" timestamp="2026-04-15T19:35:46.117072+00:00" hostname="agent-env-28793385-046b-4594-aed0-41777ec488b7"><testcase classname="backend.tests.test_scheduler_and_pages.TestAuth" name="test_login_success" time="0.381" /><testcase classname="backend.tests.test_scheduler_and_pages.TestSchedulerAPI" name="test_scheduler_status_endpoint" time="0.486" /><testcase classname="backend.tests.test_scheduler_and_pages.TestSchedulerAPI" name="test_scheduler_status_requires_auth" time="0.293" /><testcase classname="backend.tests.test_scheduler_and_pages.TestFeedStatus" name="test_feed_status_endpoint" time="0.664" /><testcase classname="backend.tests.test_scheduler_and_pages.TestProductsAPI" name="test_products_list" time="0.536" /><testcase classname="backend.tests.test_scheduler_and_pages.TestProductsAPI" name="test_products_matched_filter" time="0.263" /><testcase classname="backend.tests.test_scheduler_and_pages.TestProductsAPI" name="test_products_tracked_categories_filter" time="0.137" /><testcase classname="backend.tests.test_scheduler_and_pages.TestDashboardAPI" name="test_dashboard_stats" time="0.551" /></testsuite></testsuites>