<?xml version="1.0" encoding="utf-8"?><testsuites name="pytest tests"><testsuite name="pytest" errors="0" failures="0" skipped="0" tests="9" time="11.521" timestamp="2026-08-04T13:55:15.321900+00:00" hostname="agent-env-28793385-046b-4594-aed0-41777ec488b7"><testcase classname="backend.tests.test_reports_endpoints.TestReportsEndpoints" name="test_search_terms" time="4.950" /><testcase classname="backend.tests.test_reports_endpoints.TestReportsEndpoints" name="test_quality_scores" time="1.109" /><testcase classname="backend.tests.test_reports_endpoints.TestReportsEndpoints" name="test_competition" time="1.122" /><testcase classname="backend.tests.test_reports_endpoints.TestReportsEndpoints" name="test_device_performance" time="0.840" /><testcase classname="backend.tests.test_reports_endpoints.TestReportsEndpoints" name="test_hourly_performance" time="0.770" /><testcase classname="backend.tests.test_reports_endpoints.TestReportsEndpoints" name="test_ad_assets" time="1.058" /><testcase classname="backend.tests.test_reports_endpoints.TestReportsEndpoints" name="test_gsc_pages" time="0.768" /><testcase classname="backend.tests.test_reports_endpoints.TestReportsEndpoints" name="test_landing_pages" time="0.666" /><testcase classname="backend.tests.test_reports_endpoints.TestReportsEndpoints" name="test_history" time="0.176" /></testsuite></testsuites>